/Users/marcozzxx810/Documents/program_proj/pku_rl_course/hw2/.venv/lib/python3.13/site-packages/pygame/pkgdata.py:25: UserWarning: pkg_resources is deprecated as an API. See https://setuptools.pypa.io/en/latest/pkg_resources.html. The pkg_resources package is slated for removal as early as 2025-11-30. Refrain from using this package or pin to Setuptools<81.
  from pkg_resources import resource_stream, resource_exists
Device: cpu
Steps:     2048 | Episodes:     5 | Avg reward (last 10):  -111.53
Steps:     4096 | Episodes:     9 | Avg reward (last 10):  -111.63
Steps:     6144 | Episodes:    10 | Avg reward (last 10):  -111.39
Steps:     8192 | Episodes:    13 | Avg reward (last 10):  -110.59
Steps:    10240 | Episodes:    16 | Avg reward (last 10):  -108.63
Steps:    12288 | Episodes:    19 | Avg reward (last 10):  -105.36
Steps:    14336 | Episodes:    20 | Avg reward (last 10):  -103.67
Steps:    16384 | Episodes:    21 | Avg reward (last 10):  -100.86
Steps:    18432 | Episodes:    22 | Avg reward (last 10):  -107.17
Steps:    20480 | Episodes:    25 | Avg reward (last 10):  -104.17
Steps:    22528 | Episodes:    26 | Avg reward (last 10):  -103.04
Steps:    24576 | Episodes:    27 | Avg reward (last 10):  -100.88
Steps:    26624 | Episodes:    30 | Avg reward (last 10):  -114.45
Steps:    28672 | Episodes:    31 | Avg reward (last 10):  -113.52
Steps:    30720 | Episodes:    34 | Avg reward (last 10):  -105.59
Steps:    32768 | Episodes:    36 | Avg reward (last 10):  -106.29
Steps:    34816 | Episodes:    38 | Avg reward (last 10):   -98.41
Steps:    36864 | Episodes:    40 | Avg reward (last 10):   -83.05
Steps:    38912 | Episodes:    41 | Avg reward (last 10):   -81.99
Steps:    40960 | Episodes:    43 | Avg reward (last 10):   -92.48
Steps:    43008 | Episodes:    44 | Avg reward (last 10):   -99.96
Steps:    45056 | Episodes:    47 | Avg reward (last 10):   -98.80
Steps:    47104 | Episodes:    48 | Avg reward (last 10):   -92.61
Steps:    49152 | Episodes:    49 | Avg reward (last 10):   -91.58
Steps:    51200 | Episodes:    51 | Avg reward (last 10):  -100.07
Steps:    53248 | Episodes:    52 | Avg reward (last 10):   -90.24
Steps:    55296 | Episodes:    53 | Avg reward (last 10):   -80.15
Steps:    57344 | Episodes:    56 | Avg reward (last 10):   -58.20
Steps:    59392 | Episodes:    57 | Avg reward (last 10):   -53.25
Steps:    61440 | Episodes:    59 | Avg reward (last 10):   -62.91
Steps:    63488 | Episodes:    60 | Avg reward (last 10):   -59.40
Steps:    65536 | Episodes:    62 | Avg reward (last 10):   -52.35
Steps:    67584 | Episodes:    63 | Avg reward (last 10):   -49.96
Steps:    69632 | Episodes:    64 | Avg reward (last 10):   -47.58
Steps:    71680 | Episodes:    65 | Avg reward (last 10):   -43.69
Steps:    73728 | Episodes:    68 | Avg reward (last 10):   -21.40
Steps:    75776 | Episodes:    69 | Avg reward (last 10):   -13.54
Steps:    77824 | Episodes:    71 | Avg reward (last 10):   -15.34
Steps:    79872 | Episodes:    73 | Avg reward (last 10):     9.49
Steps:    81920 | Episodes:    74 | Avg reward (last 10):     2.87
Steps:    83968 | Episodes:    75 | Avg reward (last 10):     7.39
Steps:    86016 | Episodes:    77 | Avg reward (last 10):    13.89
Steps:    88064 | Episodes:    79 | Avg reward (last 10):    13.93
Steps:    90112 | Episodes:    80 | Avg reward (last 10):    11.77
Steps:    92160 | Episodes:    81 | Avg reward (last 10):    28.47
Steps:    94208 | Episodes:    84 | Avg reward (last 10):    28.84
Steps:    96256 | Episodes:    85 | Avg reward (last 10):    34.02
Steps:    98304 | Episodes:    86 | Avg reward (last 10):    39.34
Steps:   100352 | Episodes:    87 | Avg reward (last 10):    44.40
Steps:   102400 | Episodes:    89 | Avg reward (last 10):    73.16
Steps:   104448 | Episodes:    92 | Avg reward (last 10):    29.13
Steps:   106496 | Episodes:    94 | Avg reward (last 10):    51.27
Steps:   108544 | Episodes:    95 | Avg reward (last 10):    53.46
Steps:   110592 | Episodes:    98 | Avg reward (last 10):    20.36
Steps:   112640 | Episodes:    99 | Avg reward (last 10):    18.86
Steps:   114688 | Episodes:   100 | Avg reward (last 10):    38.66
Steps:   116736 | Episodes:   101 | Avg reward (last 10):    63.30
Steps:   118784 | Episodes:   103 | Avg reward (last 10):    82.97
Steps:   120832 | Episodes:   104 | Avg reward (last 10):    89.17
Steps:   122880 | Episodes:   106 | Avg reward (last 10):    91.15
Steps:   124928 | Episodes:   107 | Avg reward (last 10):    93.53
Steps:   126976 | Episodes:   108 | Avg reward (last 10):   119.79
Steps:   129024 | Episodes:   110 | Avg reward (last 10):   125.11
Steps:   131072 | Episodes:   111 | Avg reward (last 10):   127.70
Steps:   133120 | Episodes:   112 | Avg reward (last 10):   132.67
Steps:   135168 | Episodes:   115 | Avg reward (last 10):    89.01
Steps:   137216 | Episodes:   116 | Avg reward (last 10):   108.96
Steps:   139264 | Episodes:   119 | Avg reward (last 10):    80.98
Steps:   141312 | Episodes:   121 | Avg reward (last 10):    59.00
Steps:   143360 | Episodes:   122 | Avg reward (last 10):    63.17
Steps:   145408 | Episodes:   128 | Avg reward (last 10):   -19.65
Steps:   147456 | Episodes:   129 | Avg reward (last 10):    10.24
Steps:   149504 | Episodes:   134 | Avg reward (last 10):   -56.16
Steps:   151552 | Episodes:   135 | Avg reward (last 10):   -28.92
Steps:   153600 | Episodes:   137 | Avg reward (last 10):    -1.72
Steps:   155648 | Episodes:   140 | Avg reward (last 10):    13.93
Steps:   157696 | Episodes:   143 | Avg reward (last 10):    15.71
Steps:   159744 | Episodes:   145 | Avg reward (last 10):    16.01
Steps:   161792 | Episodes:   147 | Avg reward (last 10):    38.50
Steps:   163840 | Episodes:   149 | Avg reward (last 10):    41.84
Steps:   165888 | Episodes:   154 | Avg reward (last 10):    -4.71
Steps:   167936 | Episodes:   158 | Avg reward (last 10):   -51.60
Steps:   169984 | Episodes:   159 | Avg reward (last 10):   -26.47
Steps:   172032 | Episodes:   161 | Avg reward (last 10):     6.94
Steps:   174080 | Episodes:   162 | Avg reward (last 10):    10.11
Steps:   176128 | Episodes:   164 | Avg reward (last 10):    36.99
Steps:   178176 | Episodes:   165 | Avg reward (last 10):    62.88
Steps:   180224 | Episodes:   167 | Avg reward (last 10):    68.13
Steps:   182272 | Episodes:   169 | Avg reward (last 10):    66.06
Steps:   184320 | Episodes:   170 | Avg reward (last 10):    82.44
Steps:   186368 | Episodes:   172 | Avg reward (last 10):    97.42
Steps:   188416 | Episodes:   173 | Avg reward (last 10):    96.54
Steps:   190464 | Episodes:   175 | Avg reward (last 10):    94.98
Steps:   192512 | Episodes:   178 | Avg reward (last 10):    56.85
Steps:   194560 | Episodes:   180 | Avg reward (last 10):    81.83
Steps:   196608 | Episodes:   181 | Avg reward (last 10):    81.75
Steps:   198656 | Episodes:   183 | Avg reward (last 10):    54.02
Steps:   200704 | Episodes:   186 | Avg reward (last 10):    28.52
Steps:   202752 | Episodes:   187 | Avg reward (last 10):    40.47
Steps:   204800 | Episodes:   189 | Avg reward (last 10):    71.86
Steps:   206848 | Episodes:   190 | Avg reward (last 10):    56.64
Steps:   208896 | Episodes:   192 | Avg reward (last 10):    11.31
Steps:   210944 | Episodes:   193 | Avg reward (last 10):    41.11
Steps:   212992 | Episodes:   195 | Avg reward (last 10):    39.09
Steps:   215040 | Episodes:   196 | Avg reward (last 10):    71.77
Steps:   217088 | Episodes:   198 | Avg reward (last 10):    75.41
Steps:   219136 | Episodes:   202 | Avg reward (last 10):    65.65
Steps:   221184 | Episodes:   204 | Avg reward (last 10):    24.33
Steps:   223232 | Episodes:   206 | Avg reward (last 10):    20.60
Steps:   225280 | Episodes:   207 | Avg reward (last 10):    -3.10
Steps:   227328 | Episodes:   209 | Avg reward (last 10):   -18.80
Steps:   229376 | Episodes:   211 | Avg reward (last 10):     3.01
Steps:   231424 | Episodes:   213 | Avg reward (last 10):     3.89
Steps:   233472 | Episodes:   214 | Avg reward (last 10):    31.92
Steps:   235520 | Episodes:   215 | Avg reward (last 10):    33.55
Steps:   237568 | Episodes:   217 | Avg reward (last 10):    89.17
Steps:   239616 | Episodes:   218 | Avg reward (last 10):   103.91
Steps:   241664 | Episodes:   219 | Avg reward (last 10):   123.44
Steps:   243712 | Episodes:   220 | Avg reward (last 10):   148.27
Steps:   245760 | Episodes:   222 | Avg reward (last 10):   175.96
Steps:   247808 | Episodes:   223 | Avg reward (last 10):   203.76
Steps:   249856 | Episodes:   225 | Avg reward (last 10):   183.26
Steps:   251904 | Episodes:   227 | Avg reward (last 10):   151.05
Steps:   253952 | Episodes:   228 | Avg reward (last 10):   146.86
Steps:   256000 | Episodes:   230 | Avg reward (last 10):   144.31
Steps:   258048 | Episodes:   231 | Avg reward (last 10):   145.75
Steps:   260096 | Episodes:   232 | Avg reward (last 10):   143.79
Steps:   262144 | Episodes:   233 | Avg reward (last 10):   152.34
Steps:   264192 | Episodes:   235 | Avg reward (last 10):   147.62
Steps:   266240 | Episodes:   237 | Avg reward (last 10):   165.39
Steps:   268288 | Episodes:   238 | Avg reward (last 10):   172.27
Steps:   270336 | Episodes:   240 | Avg reward (last 10):   158.49
Steps:   272384 | Episodes:   242 | Avg reward (last 10):   163.79
Steps:   274432 | Episodes:   243 | Avg reward (last 10):   163.84
Steps:   276480 | Episodes:   245 | Avg reward (last 10):   179.99
Steps:   278528 | Episodes:   246 | Avg reward (last 10):   180.24
Steps:   280576 | Episodes:   247 | Avg reward (last 10):   201.59
Steps:   282624 | Episodes:   250 | Avg reward (last 10):   177.00
Steps:   284672 | Episodes:   251 | Avg reward (last 10):   177.11
Steps:   286720 | Episodes:   254 | Avg reward (last 10):   122.13
Steps:   288768 | Episodes:   255 | Avg reward (last 10):   139.35
Steps:   290816 | Episodes:   256 | Avg reward (last 10):   140.01
Steps:   292864 | Episodes:   258 | Avg reward (last 10):   140.83
Steps:   294912 | Episodes:   259 | Avg reward (last 10):   166.44
Steps:   296960 | Episodes:   260 | Avg reward (last 10):   188.73
Steps:   299008 | Episodes:   267 | Avg reward (last 10):    28.63
Steps:   301056 | Episodes:   270 | Avg reward (last 10):   -14.68
Steps:   303104 | Episodes:   273 | Avg reward (last 10):   -12.64
Steps:   305152 | Episodes:   275 | Avg reward (last 10):    59.34
Steps:   307200 | Episodes:   279 | Avg reward (last 10):    61.96
Steps:   309248 | Episodes:   280 | Avg reward (last 10):    83.73
Steps:   311296 | Episodes:   283 | Avg reward (last 10):   119.06
Steps:   313344 | Episodes:   284 | Avg reward (last 10):   119.36
Steps:   315392 | Episodes:   287 | Avg reward (last 10):   110.90
Steps:   317440 | Episodes:   289 | Avg reward (last 10):   138.00
Steps:   319488 | Episodes:   290 | Avg reward (last 10):   154.59
Steps:   321536 | Episodes:   294 | Avg reward (last 10):   118.22
Steps:   323584 | Episodes:   295 | Avg reward (last 10):   118.89
Steps:   325632 | Episodes:   297 | Avg reward (last 10):   124.64
Steps:   327680 | Episodes:   299 | Avg reward (last 10):   163.06
Steps:   329728 | Episodes:   300 | Avg reward (last 10):   162.23
Steps:   331776 | Episodes:   302 | Avg reward (last 10):   200.03
Steps:   333824 | Episodes:   303 | Avg reward (last 10):   200.70
Steps:   335872 | Episodes:   305 | Avg reward (last 10):   238.94
Steps:   337920 | Episodes:   307 | Avg reward (last 10):   234.57
Steps:   339968 | Episodes:   310 | Avg reward (last 10):   198.75
Steps:   342016 | Episodes:   312 | Avg reward (last 10):   160.82
Steps:   344064 | Episodes:   314 | Avg reward (last 10):   159.83
Steps:   346112 | Episodes:   315 | Avg reward (last 10):   160.34
Steps:   348160 | Episodes:   317 | Avg reward (last 10):   199.46
Steps:   350208 | Episodes:   319 | Avg reward (last 10):   237.35
Steps:   352256 | Episodes:   320 | Avg reward (last 10):   236.81
Steps:   354304 | Episodes:   321 | Avg reward (last 10):   235.98
Steps:   356352 | Episodes:   326 | Avg reward (last 10):   158.46
Steps:   358400 | Episodes:   329 | Avg reward (last 10):    73.12
Steps:   360448 | Episodes:   331 | Avg reward (last 10):    61.11
Steps:   362496 | Episodes:   332 | Avg reward (last 10):    62.81
Steps:   364544 | Episodes:   334 | Avg reward (last 10):   101.71
Steps:   366592 | Episodes:   336 | Avg reward (last 10):   146.35
Steps:   368640 | Episodes:   337 | Avg reward (last 10):   174.42
Steps:   370688 | Episodes:   339 | Avg reward (last 10):   231.89
Steps:   372736 | Episodes:   340 | Avg reward (last 10):   244.74
Steps:   374784 | Episodes:   344 | Avg reward (last 10):   168.21
Steps:   376832 | Episodes:   345 | Avg reward (last 10):   127.49
Steps:   378880 | Episodes:   347 | Avg reward (last 10):   159.81
Steps:   380928 | Episodes:   348 | Avg reward (last 10):   159.98
Steps:   382976 | Episodes:   350 | Avg reward (last 10):   159.83
Steps:   385024 | Episodes:   351 | Avg reward (last 10):   159.97
Steps:   387072 | Episodes:   354 | Avg reward (last 10):   198.62
Steps:   389120 | Episodes:   355 | Avg reward (last 10):   240.07
Steps:   391168 | Episodes:   357 | Avg reward (last 10):   229.67
Steps:   393216 | Episodes:   359 | Avg reward (last 10):   230.92
Steps:   395264 | Episodes:   361 | Avg reward (last 10):   193.90
Steps:   397312 | Episodes:   363 | Avg reward (last 10):   159.33
Steps:   399360 | Episodes:   366 | Avg reward (last 10):   170.26
Steps:   401408 | Episodes:   368 | Avg reward (last 10):   139.26
Steps:   403456 | Episodes:   370 | Avg reward (last 10):   177.95
Steps:   405504 | Episodes:   372 | Avg reward (last 10):   178.66
Steps:   407552 | Episodes:   374 | Avg reward (last 10):   214.67
Steps:   409600 | Episodes:   375 | Avg reward (last 10):   214.97
Steps:   411648 | Episodes:   378 | Avg reward (last 10):   246.65
Steps:   413696 | Episodes:   379 | Avg reward (last 10):   246.72
Steps:   415744 | Episodes:   382 | Avg reward (last 10):   209.60
Steps:   417792 | Episodes:   384 | Avg reward (last 10):   194.87
Steps:   419840 | Episodes:   387 | Avg reward (last 10):   181.24
Steps:   421888 | Episodes:   388 | Avg reward (last 10):   181.74
Steps:   423936 | Episodes:   394 | Avg reward (last 10):    39.87
Steps:   425984 | Episodes:   398 | Avg reward (last 10):    13.31
Steps:   428032 | Episodes:   400 | Avg reward (last 10):    54.90
Steps:   430080 | Episodes:   403 | Avg reward (last 10):    89.66
Steps:   432128 | Episodes:   405 | Avg reward (last 10):   128.63
Steps:   434176 | Episodes:   408 | Avg reward (last 10):   168.70
Steps:   436224 | Episodes:   409 | Avg reward (last 10):   168.47
Steps:   438272 | Episodes:   412 | Avg reward (last 10):   169.13
Steps:   440320 | Episodes:   416 | Avg reward (last 10):   128.01
Steps:   442368 | Episodes:   418 | Avg reward (last 10):   134.25
Steps:   444416 | Episodes:   421 | Avg reward (last 10):    95.04
Steps:   446464 | Episodes:   423 | Avg reward (last 10):    97.78
Steps:   448512 | Episodes:   425 | Avg reward (last 10):   137.97
Steps:   450560 | Episodes:   426 | Avg reward (last 10):   177.88
Steps:   452608 | Episodes:   428 | Avg reward (last 10):   194.76
Steps:   454656 | Episodes:   430 | Avg reward (last 10):   195.59
Steps:   456704 | Episodes:   432 | Avg reward (last 10):   248.50
Steps:   458752 | Episodes:   435 | Avg reward (last 10):   197.73
Steps:   460800 | Episodes:   438 | Avg reward (last 10):   175.16
Steps:   462848 | Episodes:   441 | Avg reward (last 10):   120.37
Steps:   464896 | Episodes:   448 | Avg reward (last 10):    -2.44
Steps:   466944 | Episodes:   449 | Avg reward (last 10):    -2.50
Steps:   468992 | Episodes:   452 | Avg reward (last 10):    36.06
Steps:   471040 | Episodes:   454 | Avg reward (last 10):   115.97
Steps:   473088 | Episodes:   456 | Avg reward (last 10):   174.49
Steps:   475136 | Episodes:   457 | Avg reward (last 10):   209.63
Steps:   477184 | Episodes:   459 | Avg reward (last 10):   212.38
Steps:   479232 | Episodes:   461 | Avg reward (last 10):   251.02
Steps:   481280 | Episodes:   463 | Avg reward (last 10):   250.32
Steps:   483328 | Episodes:   465 | Avg reward (last 10):   250.80
Steps:   485376 | Episodes:   471 | Avg reward (last 10):    84.19
Steps:   487424 | Episodes:   473 | Avg reward (last 10):    21.52
Steps:   489472 | Episodes:   475 | Avg reward (last 10):    -6.54
Steps:   491520 | Episodes:   477 | Avg reward (last 10):    35.63
Steps:   493568 | Episodes:   480 | Avg reward (last 10):    61.81
Steps:   495616 | Episodes:   482 | Avg reward (last 10):   125.37
Steps:   497664 | Episodes:   485 | Avg reward (last 10):   152.71
Steps:   499712 | Episodes:   486 | Avg reward (last 10):   153.47
Steps:   501760 | Episodes:   488 | Avg reward (last 10):   174.52
Steps:   503808 | Episodes:   490 | Avg reward (last 10):   205.89
Steps:   505856 | Episodes:   493 | Avg reward (last 10):   166.14
Steps:   507904 | Episodes:   494 | Avg reward (last 10):   205.96
Steps:   509952 | Episodes:   496 | Avg reward (last 10):   188.05
Steps:   512000 | Episodes:   498 | Avg reward (last 10):   189.31
Steps:   514048 | Episodes:   499 | Avg reward (last 10):   189.49
Steps:   516096 | Episodes:   501 | Avg reward (last 10):   229.69
Steps:   518144 | Episodes:   503 | Avg reward (last 10):   270.14
Steps:   520192 | Episodes:   504 | Avg reward (last 10):   270.49
Steps:   522240 | Episodes:   506 | Avg reward (last 10):   288.52
Steps:   524288 | Episodes:   508 | Avg reward (last 10):   288.91
Steps:   526336 | Episodes:   509 | Avg reward (last 10):   289.64
Steps:   528384 | Episodes:   511 | Avg reward (last 10):   290.48
Steps:   530432 | Episodes:   513 | Avg reward (last 10):   290.64
Steps:   532480 | Episodes:   514 | Avg reward (last 10):   290.42
Steps:   534528 | Episodes:   516 | Avg reward (last 10):   291.44
Steps:   536576 | Episodes:   519 | Avg reward (last 10):   251.71
Steps:   538624 | Episodes:   521 | Avg reward (last 10):   252.33
Steps:   540672 | Episodes:   522 | Avg reward (last 10):   237.83
Steps:   542720 | Episodes:   524 | Avg reward (last 10):   237.98
Steps:   544768 | Episodes:   526 | Avg reward (last 10):   224.60
Steps:   546816 | Episodes:   529 | Avg reward (last 10):   184.79
Steps:   548864 | Episodes:   531 | Avg reward (last 10):   184.12
Steps:   550912 | Episodes:   533 | Avg reward (last 10):   198.68
Steps:   552960 | Episodes:   535 | Avg reward (last 10):   199.48
Steps:   555008 | Episodes:   536 | Avg reward (last 10):   199.59
Steps:   557056 | Episodes:   538 | Avg reward (last 10):   239.65
Steps:   559104 | Episodes:   540 | Avg reward (last 10):   280.10
Steps:   561152 | Episodes:   541 | Avg reward (last 10):   279.91
Steps:   563200 | Episodes:   543 | Avg reward (last 10):   236.41
Steps:   565248 | Episodes:   547 | Avg reward (last 10):   167.27
Steps:   567296 | Episodes:   548 | Avg reward (last 10):   167.61
Steps:   569344 | Episodes:   552 | Avg reward (last 10):   142.62
Steps:   571392 | Episodes:   553 | Avg reward (last 10):   128.43
Steps:   573440 | Episodes:   559 | Avg reward (last 10):    51.36
Steps:   575488 | Episodes:   561 | Avg reward (last 10):     8.38
Steps:   577536 | Episodes:   563 | Avg reward (last 10):    37.75
Steps:   579584 | Episodes:   565 | Avg reward (last 10):    76.78
Steps:   581632 | Episodes:   568 | Avg reward (last 10):   115.03
Steps:   583680 | Episodes:   570 | Avg reward (last 10):   159.59
Steps:   585728 | Episodes:   572 | Avg reward (last 10):   175.79
Steps:   587776 | Episodes:   574 | Avg reward (last 10):   155.15
Steps:   589824 | Episodes:   576 | Avg reward (last 10):   140.94
Steps:   591872 | Episodes:   579 | Avg reward (last 10):   179.97
Steps:   593920 | Episodes:   581 | Avg reward (last 10):   139.57
Steps:   595968 | Episodes:   583 | Avg reward (last 10):   176.53
Steps:   598016 | Episodes:   585 | Avg reward (last 10):   197.12
Steps:   600064 | Episodes:   588 | Avg reward (last 10):   131.39
Steps:   602112 | Episodes:   591 | Avg reward (last 10):   171.11
Steps:   604160 | Episodes:   592 | Avg reward (last 10):   170.91
Steps:   606208 | Episodes:   599 | Avg reward (last 10):    53.28
Steps:   608256 | Episodes:   601 | Avg reward (last 10):    53.80
Steps:   610304 | Episodes:   606 | Avg reward (last 10):    65.67
Steps:   612352 | Episodes:   612 | Avg reward (last 10):    -9.85
Steps:   614400 | Episodes:   615 | Avg reward (last 10):   -31.85
Steps:   616448 | Episodes:   618 | Avg reward (last 10):    -3.24
Steps:   618496 | Episodes:   623 | Avg reward (last 10):    49.64
Steps:   620544 | Episodes:   628 | Avg reward (last 10):    -3.03
Steps:   622592 | Episodes:   630 | Avg reward (last 10):    17.28
Steps:   624640 | Episodes:   632 | Avg reward (last 10):    97.28
Steps:   626688 | Episodes:   633 | Avg reward (last 10):   137.09
Steps:   628736 | Episodes:   636 | Avg reward (last 10):   173.22
Steps:   630784 | Episodes:   640 | Avg reward (last 10):   106.38
Steps:   632832 | Episodes:   642 | Avg reward (last 10):    90.45
Steps:   634880 | Episodes:   645 | Avg reward (last 10):    38.61
Steps:   636928 | Episodes:   646 | Avg reward (last 10):    78.02
Steps:   638976 | Episodes:   648 | Avg reward (last 10):   144.13
Steps:   641024 | Episodes:   650 | Avg reward (last 10):   223.80
Steps:   643072 | Episodes:   651 | Avg reward (last 10):   239.57
Steps:   645120 | Episodes:   654 | Avg reward (last 10):   239.31
Steps:   647168 | Episodes:   656 | Avg reward (last 10):   250.54
Steps:   649216 | Episodes:   657 | Avg reward (last 10):   250.28
Steps:   651264 | Episodes:   659 | Avg reward (last 10):   250.03
Steps:   653312 | Episodes:   661 | Avg reward (last 10):   250.16
Steps:   655360 | Episodes:   663 | Avg reward (last 10):   263.81
Steps:   657408 | Episodes:   664 | Avg reward (last 10):   264.03
Steps:   659456 | Episodes:   666 | Avg reward (last 10):   264.55
Steps:   661504 | Episodes:   668 | Avg reward (last 10):   265.02
Steps:   663552 | Episodes:   670 | Avg reward (last 10):   265.54
Steps:   665600 | Episodes:   672 | Avg reward (last 10):   261.90
Steps:   667648 | Episodes:   674 | Avg reward (last 10):   262.03
Steps:   669696 | Episodes:   675 | Avg reward (last 10):   262.45
Steps:   671744 | Episodes:   677 | Avg reward (last 10):   262.10
Steps:   673792 | Episodes:   679 | Avg reward (last 10):   250.17
Steps:   675840 | Episodes:   681 | Avg reward (last 10):   249.89
Steps:   677888 | Episodes:   682 | Avg reward (last 10):   280.20
Steps:   679936 | Episodes:   685 | Avg reward (last 10):   252.82
Steps:   681984 | Episodes:   687 | Avg reward (last 10):   213.59
Steps:   684032 | Episodes:   690 | Avg reward (last 10):   194.64
Steps:   686080 | Episodes:   692 | Avg reward (last 10):   150.39
Steps:   688128 | Episodes:   694 | Avg reward (last 10):   150.40
Steps:   690176 | Episodes:   695 | Avg reward (last 10):   177.19
Steps:   692224 | Episodes:   698 | Avg reward (last 10):   176.32
Steps:   694272 | Episodes:   700 | Avg reward (last 10):   206.55
Steps:   696320 | Episodes:   701 | Avg reward (last 10):   238.31
Steps:   698368 | Episodes:   703 | Avg reward (last 10):   250.55
Steps:   700416 | Episodes:   705 | Avg reward (last 10):   236.29
Steps:   702464 | Episodes:   707 | Avg reward (last 10):   217.89
Steps:   704512 | Episodes:   710 | Avg reward (last 10):   219.47
Steps:   706560 | Episodes:   712 | Avg reward (last 10):   179.97
Steps:   708608 | Episodes:   714 | Avg reward (last 10):   171.36
Steps:   710656 | Episodes:   716 | Avg reward (last 10):   146.44
Steps:   712704 | Episodes:   719 | Avg reward (last 10):   124.58
Steps:   714752 | Episodes:   720 | Avg reward (last 10):   124.04
Steps:   716800 | Episodes:   723 | Avg reward (last 10):   125.53
Steps:   718848 | Episodes:   727 | Avg reward (last 10):   134.75
Steps:   720896 | Episodes:   729 | Avg reward (last 10):   174.02
Steps:   722944 | Episodes:   730 | Avg reward (last 10):   174.54
Steps:   724992 | Episodes:   732 | Avg reward (last 10):   174.96
Steps:   727040 | Episodes:   734 | Avg reward (last 10):   214.09
Steps:   729088 | Episodes:   736 | Avg reward (last 10):   254.34
Steps:   731136 | Episodes:   737 | Avg reward (last 10):   282.15
Steps:   733184 | Episodes:   739 | Avg reward (last 10):   269.87
Steps:   735232 | Episodes:   742 | Avg reward (last 10):   211.27
Steps:   737280 | Episodes:   745 | Avg reward (last 10):   181.23
Steps:   739328 | Episodes:   748 | Avg reward (last 10):   143.99
Steps:   741376 | Episodes:   749 | Avg reward (last 10):   144.24
Steps:   743424 | Episodes:   752 | Avg reward (last 10):   175.55
Steps:   745472 | Episodes:   754 | Avg reward (last 10):   160.52
Steps:   747520 | Episodes:   755 | Avg reward (last 10):   190.87
Steps:   749568 | Episodes:   757 | Avg reward (last 10):   252.36
Steps:   751616 | Episodes:   760 | Avg reward (last 10):   216.56
Steps:   753664 | Episodes:   761 | Avg reward (last 10):   243.44
Steps:   755712 | Episodes:   763 | Avg reward (last 10):   220.66
Steps:   757760 | Episodes:   766 | Avg reward (last 10):   204.02
Steps:   759808 | Episodes:   767 | Avg reward (last 10):   204.42
Steps:   761856 | Episodes:   770 | Avg reward (last 10):   199.57
Steps:   763904 | Episodes:   772 | Avg reward (last 10):   223.20
Steps:   765952 | Episodes:   774 | Avg reward (last 10):   199.50
Steps:   768000 | Episodes:   776 | Avg reward (last 10):   216.01
Steps:   770048 | Episodes:   777 | Avg reward (last 10):   215.87
Steps:   772096 | Episodes:   779 | Avg reward (last 10):   185.97
Steps:   774144 | Episodes:   781 | Avg reward (last 10):   210.76
Steps:   776192 | Episodes:   783 | Avg reward (last 10):   210.31
Steps:   778240 | Episodes:   784 | Avg reward (last 10):   233.38
Steps:   780288 | Episodes:   786 | Avg reward (last 10):   248.68
Steps:   782336 | Episodes:   788 | Avg reward (last 10):   294.21
Steps:   784384 | Episodes:   790 | Avg reward (last 10):   294.51
Steps:   786432 | Episodes:   791 | Avg reward (last 10):   294.35
Steps:   788480 | Episodes:   793 | Avg reward (last 10):   282.25
Steps:   790528 | Episodes:   795 | Avg reward (last 10):   282.49
Steps:   792576 | Episodes:   797 | Avg reward (last 10):   282.59
Steps:   794624 | Episodes:   799 | Avg reward (last 10):   253.05
Steps:   796672 | Episodes:   801 | Avg reward (last 10):   229.90
Steps:   798720 | Episodes:   803 | Avg reward (last 10):   241.96
Steps:   800768 | Episodes:   805 | Avg reward (last 10):   241.99
Steps:   802816 | Episodes:   807 | Avg reward (last 10):   228.24
Steps:   804864 | Episodes:   808 | Avg reward (last 10):   228.49
Steps:   806912 | Episodes:   810 | Avg reward (last 10):   280.18
Steps:   808960 | Episodes:   812 | Avg reward (last 10):   280.24
Steps:   811008 | Episodes:   814 | Avg reward (last 10):   279.53
Steps:   813056 | Episodes:   815 | Avg reward (last 10):   279.46
Steps:   815104 | Episodes:   817 | Avg reward (last 10):   292.82
Steps:   817152 | Episodes:   819 | Avg reward (last 10):   293.04
Steps:   819200 | Episodes:   821 | Avg reward (last 10):   292.96
Steps:   821248 | Episodes:   823 | Avg reward (last 10):   293.55
Steps:   823296 | Episodes:   824 | Avg reward (last 10):   293.66
Steps:   825344 | Episodes:   826 | Avg reward (last 10):   294.24
Steps:   827392 | Episodes:   828 | Avg reward (last 10):   294.90
Steps:   829440 | Episodes:   830 | Avg reward (last 10):   295.51
Steps:   831488 | Episodes:   832 | Avg reward (last 10):   274.75
Steps:   833536 | Episodes:   834 | Avg reward (last 10):   257.02
Steps:   835584 | Episodes:   837 | Avg reward (last 10):   216.76
Steps:   837632 | Episodes:   839 | Avg reward (last 10):   216.42
Steps:   839680 | Episodes:   840 | Avg reward (last 10):   216.25
Steps:   841728 | Episodes:   842 | Avg reward (last 10):   236.90
Steps:   843776 | Episodes:   844 | Avg reward (last 10):   254.95
Steps:   845824 | Episodes:   846 | Avg reward (last 10):   295.24
Steps:   847872 | Episodes:   847 | Avg reward (last 10):   295.56
Steps:   849920 | Episodes:   849 | Avg reward (last 10):   295.36
Steps:   851968 | Episodes:   851 | Avg reward (last 10):   277.57
Steps:   854016 | Episodes:   853 | Avg reward (last 10):   262.42
Steps:   856064 | Episodes:   855 | Avg reward (last 10):   262.89
Steps:   858112 | Episodes:   857 | Avg reward (last 10):   261.81
Steps:   860160 | Episodes:   859 | Avg reward (last 10):   261.93
Steps:   862208 | Episodes:   860 | Avg reward (last 10):   279.53
Steps:   864256 | Episodes:   862 | Avg reward (last 10):   267.45
Steps:   866304 | Episodes:   864 | Avg reward (last 10):   282.03
Steps:   868352 | Episodes:   865 | Avg reward (last 10):   282.02
Steps:   870400 | Episodes:   867 | Avg reward (last 10):   283.34
Steps:   872448 | Episodes:   869 | Avg reward (last 10):   283.53
Steps:   874496 | Episodes:   871 | Avg reward (last 10):   220.93
Steps:   876544 | Episodes:   872 | Avg reward (last 10):   233.40
Steps:   878592 | Episodes:   874 | Avg reward (last 10):   233.52
Steps:   880640 | Episodes:   876 | Avg reward (last 10):   233.32
Steps:   882688 | Episodes:   878 | Avg reward (last 10):   233.25
Steps:   884736 | Episodes:   880 | Avg reward (last 10):   250.72
Steps:   886784 | Episodes:   882 | Avg reward (last 10):   256.28
Steps:   888832 | Episodes:   884 | Avg reward (last 10):   257.18
Steps:   890880 | Episodes:   886 | Avg reward (last 10):   257.80
Steps:   892928 | Episodes:   888 | Avg reward (last 10):   235.46
Steps:   894976 | Episodes:   891 | Avg reward (last 10):   194.42
Steps:   897024 | Episodes:   893 | Avg reward (last 10):   234.85
Steps:   899072 | Episodes:   895 | Avg reward (last 10):   209.25
Steps:   901120 | Episodes:   897 | Avg reward (last 10):   177.93
Steps:   903168 | Episodes:   899 | Avg reward (last 10):   200.65
Steps:   905216 | Episodes:   901 | Avg reward (last 10):   241.25
Steps:   907264 | Episodes:   903 | Avg reward (last 10):   229.97
Steps:   909312 | Episodes:   905 | Avg reward (last 10):   225.12
Steps:   911360 | Episodes:   908 | Avg reward (last 10):   195.27
Steps:   913408 | Episodes:   910 | Avg reward (last 10):   176.65
Steps:   915456 | Episodes:   914 | Avg reward (last 10):    91.09
Steps:   917504 | Episodes:   915 | Avg reward (last 10):   120.65
Steps:   919552 | Episodes:   917 | Avg reward (last 10):   138.76
Steps:   921600 | Episodes:   919 | Avg reward (last 10):   184.69
Steps:   923648 | Episodes:   921 | Avg reward (last 10):   164.44
Steps:   925696 | Episodes:   923 | Avg reward (last 10):   245.39
Steps:   927744 | Episodes:   926 | Avg reward (last 10):   227.86
Steps:   929792 | Episodes:   929 | Avg reward (last 10):   179.17
Steps:   931840 | Episodes:   933 | Avg reward (last 10):    78.50
Steps:   933888 | Episodes:   935 | Avg reward (last 10):    87.87
Steps:   935936 | Episodes:   938 | Avg reward (last 10):    60.91
Steps:   937984 | Episodes:   939 | Avg reward (last 10):    83.91
Steps:   940032 | Episodes:   941 | Avg reward (last 10):   140.92
Steps:   942080 | Episodes:   943 | Avg reward (last 10):   202.39
Steps:   944128 | Episodes:   947 | Avg reward (last 10):   134.28
Steps:   946176 | Episodes:   953 | Avg reward (last 10):   -25.30
Steps:   948224 | Episodes:   956 | Avg reward (last 10):    34.13
Steps:   950272 | Episodes:   959 | Avg reward (last 10):    32.71
Steps:   952320 | Episodes:   963 | Avg reward (last 10):    59.06
Steps:   954368 | Episodes:   966 | Avg reward (last 10):    53.53
Steps:   956416 | Episodes:   968 | Avg reward (last 10):    79.14
Steps:   958464 | Episodes:   969 | Avg reward (last 10):   119.07
Steps:   960512 | Episodes:   973 | Avg reward (last 10):   115.04
Steps:   962560 | Episodes:   976 | Avg reward (last 10):    73.56
Steps:   964608 | Episodes:   977 | Avg reward (last 10):    74.00
Steps:   966656 | Episodes:   980 | Avg reward (last 10):    21.34
Steps:   968704 | Episodes:   982 | Avg reward (last 10):     4.37
Steps:   970752 | Episodes:   984 | Avg reward (last 10):    67.19
Steps:   972800 | Episodes:   989 | Avg reward (last 10):    47.04
Steps:   974848 | Episodes:   993 | Avg reward (last 10):    19.54
Steps:   976896 | Episodes:   997 | Avg reward (last 10):    16.11
Steps:   978944 | Episodes:  1001 | Avg reward (last 10):    -5.27
Steps:   980992 | Episodes:  1004 | Avg reward (last 10):    32.32
Steps:   983040 | Episodes:  1007 | Avg reward (last 10):    57.27
Steps:   985088 | Episodes:  1008 | Avg reward (last 10):    96.68
Steps:   987136 | Episodes:  1011 | Avg reward (last 10):   161.93
Steps:   989184 | Episodes:  1013 | Avg reward (last 10):   156.14
Steps:   991232 | Episodes:  1017 | Avg reward (last 10):   132.27
Steps:   993280 | Episodes:  1020 | Avg reward (last 10):    93.07
Steps:   995328 | Episodes:  1021 | Avg reward (last 10):   104.23
Steps:   997376 | Episodes:  1023 | Avg reward (last 10):   130.99
Steps:   999424 | Episodes:  1025 | Avg reward (last 10):   183.64
Steps:  1001472 | Episodes:  1027 | Avg reward (last 10):   180.17
Steps:  1003520 | Episodes:  1030 | Avg reward (last 10):   201.99
Steps:  1005568 | Episodes:  1031 | Avg reward (last 10):   200.82
Steps:  1007616 | Episodes:  1034 | Avg reward (last 10):   160.78
Steps:  1009664 | Episodes:  1036 | Avg reward (last 10):   176.07
Steps:  1011712 | Episodes:  1038 | Avg reward (last 10):   206.29
Steps:  1013760 | Episodes:  1039 | Avg reward (last 10):   237.29
Steps:  1015808 | Episodes:  1041 | Avg reward (last 10):   238.29
Steps:  1017856 | Episodes:  1043 | Avg reward (last 10):   238.78
Steps:  1019904 | Episodes:  1045 | Avg reward (last 10):   278.89
Steps:  1021952 | Episodes:  1047 | Avg reward (last 10):   279.53
Steps:  1024000 | Episodes:  1048 | Avg reward (last 10):   293.87
Steps:  1026048 | Episodes:  1050 | Avg reward (last 10):   294.74
Steps:  1028096 | Episodes:  1052 | Avg reward (last 10):   294.94
Steps:  1030144 | Episodes:  1054 | Avg reward (last 10):   295.31
Steps:  1032192 | Episodes:  1056 | Avg reward (last 10):   294.72
Steps:  1034240 | Episodes:  1059 | Avg reward (last 10):   234.04
Steps:  1036288 | Episodes:  1061 | Avg reward (last 10):   193.01
Steps:  1038336 | Episodes:  1069 | Avg reward (last 10):    10.97
Steps:  1040384 | Episodes:  1070 | Avg reward (last 10):    10.83
Steps:  1042432 | Episodes:  1075 | Avg reward (last 10):     9.00
Steps:  1044480 | Episodes:  1076 | Avg reward (last 10):    49.34
Steps:  1046528 | Episodes:  1078 | Avg reward (last 10):   128.94
Steps:  1048576 | Episodes:  1080 | Avg reward (last 10):   170.41
Steps:  1050624 | Episodes:  1082 | Avg reward (last 10):   211.26
Steps:  1052672 | Episodes:  1087 | Avg reward (last 10):   143.73
Steps:  1054720 | Episodes:  1090 | Avg reward (last 10):    56.32
Steps:  1056768 | Episodes:  1094 | Avg reward (last 10):   -21.28
Steps:  1058816 | Episodes:  1097 | Avg reward (last 10):    65.45
Steps:  1060864 | Episodes:  1098 | Avg reward (last 10):    88.82
Steps:  1062912 | Episodes:  1101 | Avg reward (last 10):   102.79
Steps:  1064960 | Episodes:  1105 | Avg reward (last 10):   133.30
Steps:  1067008 | Episodes:  1107 | Avg reward (last 10):   168.96
Steps:  1069056 | Episodes:  1109 | Avg reward (last 10):   142.75
Steps:  1071104 | Episodes:  1110 | Avg reward (last 10):   158.36
Steps:  1073152 | Episodes:  1112 | Avg reward (last 10):   194.10
Steps:  1075200 | Episodes:  1115 | Avg reward (last 10):   244.26
Steps:  1077248 | Episodes:  1117 | Avg reward (last 10):   209.22
Steps:  1079296 | Episodes:  1119 | Avg reward (last 10):   235.30
Steps:  1081344 | Episodes:  1121 | Avg reward (last 10):   235.25
Steps:  1083392 | Episodes:  1124 | Avg reward (last 10):   182.99
Steps:  1085440 | Episodes:  1128 | Avg reward (last 10):    92.24
Steps:  1087488 | Episodes:  1130 | Avg reward (last 10):    92.20
Steps:  1089536 | Episodes:  1132 | Avg reward (last 10):   103.46
Steps:  1091584 | Episodes:  1135 | Avg reward (last 10):   163.01
Steps:  1093632 | Episodes:  1137 | Avg reward (last 10):   222.53
Steps:  1095680 | Episodes:  1140 | Avg reward (last 10):   202.80
Steps:  1097728 | Episodes:  1141 | Avg reward (last 10):   202.89
Steps:  1099776 | Episodes:  1145 | Avg reward (last 10):   168.31
Steps:  1101824 | Episodes:  1150 | Avg reward (last 10):    72.21
Steps:  1103872 | Episodes:  1152 | Avg reward (last 10):    48.24
Steps:  1105920 | Episodes:  1158 | Avg reward (last 10):    23.34
Steps:  1107968 | Episodes:  1160 | Avg reward (last 10):    65.34
Steps:  1110016 | Episodes:  1164 | Avg reward (last 10):    57.62
Steps:  1112064 | Episodes:  1166 | Avg reward (last 10):    63.80
Steps:  1114112 | Episodes:  1168 | Avg reward (last 10):   145.35
Steps:  1116160 | Episodes:  1170 | Avg reward (last 10):   167.95
Steps:  1118208 | Episodes:  1172 | Avg reward (last 10):   206.00
Steps:  1120256 | Episodes:  1174 | Avg reward (last 10):   239.28
Steps:  1122304 | Episodes:  1176 | Avg reward (last 10):   296.88
Steps:  1124352 | Episodes:  1178 | Avg reward (last 10):   297.04
Steps:  1126400 | Episodes:  1180 | Avg reward (last 10):   279.64
Steps:  1128448 | Episodes:  1182 | Avg reward (last 10):   279.79
Steps:  1130496 | Episodes:  1184 | Avg reward (last 10):   279.50
Steps:  1132544 | Episodes:  1185 | Avg reward (last 10):   279.47
Steps:  1134592 | Episodes:  1187 | Avg reward (last 10):   279.16
Steps:  1136640 | Episodes:  1189 | Avg reward (last 10):   296.31
Steps:  1138688 | Episodes:  1193 | Avg reward (last 10):   224.49
Steps:  1140736 | Episodes:  1194 | Avg reward (last 10):   224.47
Steps:  1142784 | Episodes:  1197 | Avg reward (last 10):   187.70
Steps:  1144832 | Episodes:  1199 | Avg reward (last 10):   187.50
Steps:  1146880 | Episodes:  1201 | Avg reward (last 10):   219.37
Steps:  1148928 | Episodes:  1204 | Avg reward (last 10):   194.31
Steps:  1150976 | Episodes:  1205 | Avg reward (last 10):   194.35
Steps:  1153024 | Episodes:  1208 | Avg reward (last 10):   197.86
Steps:  1155072 | Episodes:  1211 | Avg reward (last 10):   125.37
Steps:  1157120 | Episodes:  1214 | Avg reward (last 10):   159.50
Steps:  1159168 | Episodes:  1215 | Avg reward (last 10):   159.40
Steps:  1161216 | Episodes:  1217 | Avg reward (last 10):   191.99
Steps:  1163264 | Episodes:  1219 | Avg reward (last 10):   162.44
Steps:  1165312 | Episodes:  1222 | Avg reward (last 10):   205.78
Steps:  1167360 | Episodes:  1225 | Avg reward (last 10):   166.55
Steps:  1169408 | Episodes:  1230 | Avg reward (last 10):    60.15
Steps:  1171456 | Episodes:  1231 | Avg reward (last 10):    59.59
Steps:  1173504 | Episodes:  1234 | Avg reward (last 10):    90.83
Steps:  1175552 | Episodes:  1237 | Avg reward (last 10):    64.83
Steps:  1177600 | Episodes:  1238 | Avg reward (last 10):   104.81
Steps:  1179648 | Episodes:  1240 | Avg reward (last 10):   160.99
Steps:  1181696 | Episodes:  1242 | Avg reward (last 10):   140.83
Steps:  1183744 | Episodes:  1244 | Avg reward (last 10):   208.81
Steps:  1185792 | Episodes:  1245 | Avg reward (last 10):   209.04
Steps:  1187840 | Episodes:  1248 | Avg reward (last 10):   242.67
Steps:  1189888 | Episodes:  1250 | Avg reward (last 10):   211.53
Steps:  1191936 | Episodes:  1252 | Avg reward (last 10):   207.36
Steps:  1193984 | Episodes:  1256 | Avg reward (last 10):   113.60
Steps:  1196032 | Episodes:  1259 | Avg reward (last 10):   126.14
Steps:  1198080 | Episodes:  1262 | Avg reward (last 10):    86.90
Steps:  1200128 | Episodes:  1263 | Avg reward (last 10):   100.79
Steps:  1202176 | Episodes:  1265 | Avg reward (last 10):   140.89
Steps:  1204224 | Episodes:  1267 | Avg reward (last 10):   158.21
Steps:  1206272 | Episodes:  1269 | Avg reward (last 10):   207.92
Steps:  1208320 | Episodes:  1272 | Avg reward (last 10):   232.15
Steps:  1210368 | Episodes:  1273 | Avg reward (last 10):   217.96
Steps:  1212416 | Episodes:  1275 | Avg reward (last 10):   186.20
Steps:  1214464 | Episodes:  1278 | Avg reward (last 10):   139.50
Steps:  1216512 | Episodes:  1281 | Avg reward (last 10):    91.68
Steps:  1218560 | Episodes:  1283 | Avg reward (last 10):   129.36
Steps:  1220608 | Episodes:  1286 | Avg reward (last 10):   121.41
Steps:  1222656 | Episodes:  1287 | Avg reward (last 10):   151.06
Steps:  1224704 | Episodes:  1291 | Avg reward (last 10):   173.42
Steps:  1226752 | Episodes:  1293 | Avg reward (last 10):   189.75
Steps:  1228800 | Episodes:  1295 | Avg reward (last 10):   200.66
Steps:  1230848 | Episodes:  1297 | Avg reward (last 10):   200.55
Steps:  1232896 | Episodes:  1299 | Avg reward (last 10):   205.47
Steps:  1234944 | Episodes:  1300 | Avg reward (last 10):   205.55
Steps:  1236992 | Episodes:  1303 | Avg reward (last 10):   159.19
Steps:  1239040 | Episodes:  1305 | Avg reward (last 10):   146.21
Steps:  1241088 | Episodes:  1308 | Avg reward (last 10):    69.86
Steps:  1243136 | Episodes:  1310 | Avg reward (last 10):    45.56
Steps:  1245184 | Episodes:  1313 | Avg reward (last 10):    91.38
Steps:  1247232 | Episodes:  1315 | Avg reward (last 10):   132.80
Steps:  1249280 | Episodes:  1318 | Avg reward (last 10):   145.14
Steps:  1251328 | Episodes:  1320 | Avg reward (last 10):   174.72
Steps:  1253376 | Episodes:  1322 | Avg reward (last 10):   152.46
Steps:  1255424 | Episodes:  1323 | Avg reward (last 10):   192.14
Steps:  1257472 | Episodes:  1327 | Avg reward (last 10):   184.55
Steps:  1259520 | Episodes:  1329 | Avg reward (last 10):   187.52
Steps:  1261568 | Episodes:  1332 | Avg reward (last 10):   134.12
Steps:  1263616 | Episodes:  1334 | Avg reward (last 10):   114.85
Steps:  1265664 | Episodes:  1336 | Avg reward (last 10):   142.16
Steps:  1267712 | Episodes:  1338 | Avg reward (last 10):   142.68
Steps:  1269760 | Episodes:  1340 | Avg reward (last 10):   189.90
Steps:  1271808 | Episodes:  1342 | Avg reward (last 10):   228.30
Steps:  1273856 | Episodes:  1344 | Avg reward (last 10):   219.08
Steps:  1275904 | Episodes:  1346 | Avg reward (last 10):   261.19
Steps:  1277952 | Episodes:  1348 | Avg reward (last 10):   227.05
Steps:  1280000 | Episodes:  1351 | Avg reward (last 10):   189.90
Steps:  1282048 | Episodes:  1352 | Avg reward (last 10):   189.85
Steps:  1284096 | Episodes:  1354 | Avg reward (last 10):   217.53
Steps:  1286144 | Episodes:  1356 | Avg reward (last 10):   217.45
Steps:  1288192 | Episodes:  1358 | Avg reward (last 10):   250.64
Steps:  1290240 | Episodes:  1359 | Avg reward (last 10):   249.77
Steps:  1292288 | Episodes:  1361 | Avg reward (last 10):   289.26
Steps:  1294336 | Episodes:  1363 | Avg reward (last 10):   290.15
Steps:  1296384 | Episodes:  1365 | Avg reward (last 10):   275.96
Steps:  1298432 | Episodes:  1367 | Avg reward (last 10):   276.01
Steps:  1300480 | Episodes:  1370 | Avg reward (last 10):   209.04
Steps:  1302528 | Episodes:  1373 | Avg reward (last 10):   167.82
Steps:  1304576 | Episodes:  1375 | Avg reward (last 10):   151.56
Steps:  1306624 | Episodes:  1379 | Avg reward (last 10):   105.78
Steps:  1308672 | Episodes:  1381 | Avg reward (last 10):   110.25
Steps:  1310720 | Episodes:  1383 | Avg reward (last 10):   151.31
Steps:  1312768 | Episodes:  1385 | Avg reward (last 10):   127.37
Steps:  1314816 | Episodes:  1386 | Avg reward (last 10):   148.00
Steps:  1316864 | Episodes:  1389 | Avg reward (last 10):   168.09
Steps:  1318912 | Episodes:  1391 | Avg reward (last 10):   196.24
Steps:  1320960 | Episodes:  1393 | Avg reward (last 10):   177.84
Steps:  1323008 | Episodes:  1395 | Avg reward (last 10):   204.53
Steps:  1325056 | Episodes:  1397 | Avg reward (last 10):   204.44
Steps:  1327104 | Episodes:  1400 | Avg reward (last 10):   199.76
Steps:  1329152 | Episodes:  1401 | Avg reward (last 10):   199.49
Steps:  1331200 | Episodes:  1403 | Avg reward (last 10):   217.21
Steps:  1333248 | Episodes:  1406 | Avg reward (last 10):   213.34
Steps:  1335296 | Episodes:  1408 | Avg reward (last 10):   199.83
Steps:  1337344 | Episodes:  1410 | Avg reward (last 10):   229.55
Steps:  1339392 | Episodes:  1412 | Avg reward (last 10):   201.54
Steps:  1341440 | Episodes:  1414 | Avg reward (last 10):   200.97
Steps:  1343488 | Episodes:  1416 | Avg reward (last 10):   205.70
Steps:  1345536 | Episodes:  1419 | Avg reward (last 10):   194.06
Steps:  1347584 | Episodes:  1421 | Avg reward (last 10):   209.20
Steps:  1349632 | Episodes:  1422 | Avg reward (last 10):   222.56
Steps:  1351680 | Episodes:  1424 | Avg reward (last 10):   222.87
Steps:  1353728 | Episodes:  1426 | Avg reward (last 10):   251.29
Steps:  1355776 | Episodes:  1428 | Avg reward (last 10):   221.96
Steps:  1357824 | Episodes:  1433 | Avg reward (last 10):   146.73
Steps:  1359872 | Episodes:  1435 | Avg reward (last 10):    93.77
Steps:  1361920 | Episodes:  1438 | Avg reward (last 10):    49.61
Steps:  1363968 | Episodes:  1440 | Avg reward (last 10):    66.76
Steps:  1366016 | Episodes:  1442 | Avg reward (last 10):   123.89
Steps:  1368064 | Episodes:  1443 | Avg reward (last 10):   163.10
Steps:  1370112 | Episodes:  1446 | Avg reward (last 10):   175.73
Steps:  1372160 | Episodes:  1448 | Avg reward (last 10):   248.17
Steps:  1374208 | Episodes:  1450 | Avg reward (last 10):   234.76
Steps:  1376256 | Episodes:  1452 | Avg reward (last 10):   214.23
Steps:  1378304 | Episodes:  1453 | Avg reward (last 10):   214.14
Steps:  1380352 | Episodes:  1457 | Avg reward (last 10):   178.36
Steps:  1382400 | Episodes:  1458 | Avg reward (last 10):   179.11
Steps:  1384448 | Episodes:  1460 | Avg reward (last 10):   191.96
Steps:  1386496 | Episodes:  1462 | Avg reward (last 10):   212.24
Steps:  1388544 | Episodes:  1464 | Avg reward (last 10):   212.15
Steps:  1390592 | Episodes:  1465 | Avg reward (last 10):   226.50
Steps:  1392640 | Episodes:  1467 | Avg reward (last 10):   286.42
Steps:  1394688 | Episodes:  1469 | Avg reward (last 10):   285.99
Steps:  1396736 | Episodes:  1471 | Avg reward (last 10):   273.51
Steps:  1398784 | Episodes:  1473 | Avg reward (last 10):   247.83
Steps:  1400832 | Episodes:  1476 | Avg reward (last 10):   189.17
Steps:  1402880 | Episodes:  1478 | Avg reward (last 10):   149.17
Steps:  1404928 | Episodes:  1481 | Avg reward (last 10):   122.64
Steps:  1406976 | Episodes:  1483 | Avg reward (last 10):   121.42
Steps:  1409024 | Episodes:  1485 | Avg reward (last 10):   139.91
Steps:  1411072 | Episodes:  1487 | Avg reward (last 10):   219.46
Steps:  1413120 | Episodes:  1489 | Avg reward (last 10):   220.68
Steps:  1415168 | Episodes:  1490 | Avg reward (last 10):   221.24
Steps:  1417216 | Episodes:  1492 | Avg reward (last 10):   260.55
Steps:  1419264 | Episodes:  1494 | Avg reward (last 10):   288.79
Steps:  1421312 | Episodes:  1496 | Avg reward (last 10):   289.72
Steps:  1423360 | Episodes:  1499 | Avg reward (last 10):   250.53
Steps:  1425408 | Episodes:  1501 | Avg reward (last 10):   224.64
Steps:  1427456 | Episodes:  1503 | Avg reward (last 10):   224.96
Steps:  1429504 | Episodes:  1505 | Avg reward (last 10):   224.51
Steps:  1431552 | Episodes:  1506 | Avg reward (last 10):   224.12
Steps:  1433600 | Episodes:  1509 | Avg reward (last 10):   222.84
Steps:  1435648 | Episodes:  1511 | Avg reward (last 10):   247.08
Steps:  1437696 | Episodes:  1514 | Avg reward (last 10):   207.82
Steps:  1439744 | Episodes:  1515 | Avg reward (last 10):   207.89
Steps:  1441792 | Episodes:  1518 | Avg reward (last 10):   169.33
Steps:  1443840 | Episodes:  1521 | Avg reward (last 10):   170.81
Steps:  1445888 | Episodes:  1524 | Avg reward (last 10):   155.69
Steps:  1447936 | Episodes:  1527 | Avg reward (last 10):    97.15
Steps:  1449984 | Episodes:  1530 | Avg reward (last 10):    60.01
Steps:  1452032 | Episodes:  1532 | Avg reward (last 10):   113.92
Steps:  1454080 | Episodes:  1533 | Avg reward (last 10):   113.49
Steps:  1456128 | Episodes:  1536 | Avg reward (last 10):   176.15
Steps:  1458176 | Episodes:  1538 | Avg reward (last 10):   195.22
Steps:  1460224 | Episodes:  1540 | Avg reward (last 10):   231.58
Steps:  1462272 | Episodes:  1544 | Avg reward (last 10):   119.36
Steps:  1464320 | Episodes:  1547 | Avg reward (last 10):   135.24
Steps:  1466368 | Episodes:  1548 | Avg reward (last 10):   134.87
Steps:  1468416 | Episodes:  1550 | Avg reward (last 10):   135.09
Steps:  1470464 | Episodes:  1552 | Avg reward (last 10):   208.11
Steps:  1472512 | Episodes:  1554 | Avg reward (last 10):   215.68
Steps:  1474560 | Episodes:  1556 | Avg reward (last 10):   215.88
Steps:  1476608 | Episodes:  1558 | Avg reward (last 10):   257.03
Steps:  1478656 | Episodes:  1560 | Avg reward (last 10):   256.96
Steps:  1480704 | Episodes:  1562 | Avg reward (last 10):   222.36
Steps:  1482752 | Episodes:  1564 | Avg reward (last 10):   254.33
Steps:  1484800 | Episodes:  1566 | Avg reward (last 10):   253.26
Steps:  1486848 | Episodes:  1567 | Avg reward (last 10):   253.19
Steps:  1488896 | Episodes:  1569 | Avg reward (last 10):   252.79
Steps:  1490944 | Episodes:  1571 | Avg reward (last 10):   288.11
Steps:  1492992 | Episodes:  1573 | Avg reward (last 10):   271.32
Steps:  1495040 | Episodes:  1575 | Avg reward (last 10):   249.61
Steps:  1497088 | Episodes:  1580 | Avg reward (last 10):   134.85
Steps:  1499136 | Episodes:  1582 | Avg reward (last 10):   109.69
Steps:  1501184 | Episodes:  1586 | Avg reward (last 10):    25.82
Steps:  1503232 | Episodes:  1591 | Avg reward (last 10):    33.87
Steps:  1505280 | Episodes:  1594 | Avg reward (last 10):    55.46
Steps:  1507328 | Episodes:  1596 | Avg reward (last 10):    66.89
Steps:  1509376 | Episodes:  1599 | Avg reward (last 10):   103.76
Steps:  1511424 | Episodes:  1604 | Avg reward (last 10):    68.04
Steps:  1513472 | Episodes:  1606 | Avg reward (last 10):   119.26
Steps:  1515520 | Episodes:  1608 | Avg reward (last 10):   111.35
Steps:  1517568 | Episodes:  1610 | Avg reward (last 10):    97.83
Steps:  1519616 | Episodes:  1613 | Avg reward (last 10):   149.60
Steps:  1521664 | Episodes:  1617 | Avg reward (last 10):    92.39
Steps:  1523712 | Episodes:  1619 | Avg reward (last 10):    84.39
Steps:  1525760 | Episodes:  1624 | Avg reward (last 10):    23.90
Steps:  1527808 | Episodes:  1626 | Avg reward (last 10):    87.14
Steps:  1529856 | Episodes:  1630 | Avg reward (last 10):    73.69
Steps:  1531904 | Episodes:  1634 | Avg reward (last 10):    97.53
Steps:  1533952 | Episodes:  1636 | Avg reward (last 10):    83.28
Steps:  1536000 | Episodes:  1639 | Avg reward (last 10):   121.15
Steps:  1538048 | Episodes:  1640 | Avg reward (last 10):   120.71
Steps:  1540096 | Episodes:  1642 | Avg reward (last 10):   136.90
Steps:  1542144 | Episodes:  1644 | Avg reward (last 10):   171.22
Steps:  1544192 | Episodes:  1646 | Avg reward (last 10):   202.98
Steps:  1546240 | Episodes:  1648 | Avg reward (last 10):   227.20
Steps:  1548288 | Episodes:  1650 | Avg reward (last 10):   228.33
Steps:  1550336 | Episodes:  1652 | Avg reward (last 10):   228.72
Steps:  1552384 | Episodes:  1654 | Avg reward (last 10):   274.40
Steps:  1554432 | Episodes:  1657 | Avg reward (last 10):   241.19
Steps:  1556480 | Episodes:  1659 | Avg reward (last 10):   213.78
Steps:  1558528 | Episodes:  1661 | Avg reward (last 10):   183.07
Steps:  1560576 | Episodes:  1662 | Avg reward (last 10):   183.44
Steps:  1562624 | Episodes:  1664 | Avg reward (last 10):   137.90
Steps:  1564672 | Episodes:  1666 | Avg reward (last 10):   189.95
Steps:  1566720 | Episodes:  1668 | Avg reward (last 10):   190.05
Steps:  1568768 | Episodes:  1670 | Avg reward (last 10):   230.98
Steps:  1570816 | Episodes:  1672 | Avg reward (last 10):   247.62
Steps:  1572864 | Episodes:  1676 | Avg reward (last 10):   228.52
Steps:  1574912 | Episodes:  1678 | Avg reward (last 10):   198.47
Steps:  1576960 | Episodes:  1680 | Avg reward (last 10):   198.75
Steps:  1579008 | Episodes:  1682 | Avg reward (last 10):   170.84
Steps:  1581056 | Episodes:  1684 | Avg reward (last 10):   208.12
Steps:  1583104 | Episodes:  1686 | Avg reward (last 10):   234.66
Steps:  1585152 | Episodes:  1688 | Avg reward (last 10):   265.08
Steps:  1587200 | Episodes:  1690 | Avg reward (last 10):   265.29
Steps:  1589248 | Episodes:  1693 | Avg reward (last 10):   250.09
Steps:  1591296 | Episodes:  1695 | Avg reward (last 10):   250.37
Steps:  1593344 | Episodes:  1697 | Avg reward (last 10):   250.50
Steps:  1595392 | Episodes:  1699 | Avg reward (last 10):   250.57
Steps:  1597440 | Episodes:  1702 | Avg reward (last 10):   207.23
Steps:  1599488 | Episodes:  1704 | Avg reward (last 10):   209.76
Steps:  1601536 | Episodes:  1706 | Avg reward (last 10):   210.17
Steps:  1603584 | Episodes:  1708 | Avg reward (last 10):   189.11
Steps:  1605632 | Episodes:  1710 | Avg reward (last 10):   223.39
Steps:  1607680 | Episodes:  1713 | Avg reward (last 10):   235.68
Steps:  1609728 | Episodes:  1715 | Avg reward (last 10):   203.13
Steps:  1611776 | Episodes:  1718 | Avg reward (last 10):   186.44
Steps:  1613824 | Episodes:  1720 | Avg reward (last 10):   186.77
Steps:  1615872 | Episodes:  1722 | Avg reward (last 10):   224.05
Steps:  1617920 | Episodes:  1724 | Avg reward (last 10):   224.46
Steps:  1619968 | Episodes:  1727 | Avg reward (last 10):   266.59
Steps:  1622016 | Episodes:  1729 | Avg reward (last 10):   247.30
Steps:  1624064 | Episodes:  1734 | Avg reward (last 10):   101.95
Steps:  1626112 | Episodes:  1737 | Avg reward (last 10):    64.01
Steps:  1628160 | Episodes:  1739 | Avg reward (last 10):    48.52
Steps:  1630208 | Episodes:  1742 | Avg reward (last 10):   107.37
Steps:  1632256 | Episodes:  1744 | Avg reward (last 10):   127.47
Steps:  1634304 | Episodes:  1746 | Avg reward (last 10):   159.02
Steps:  1636352 | Episodes:  1748 | Avg reward (last 10):   216.26
Steps:  1638400 | Episodes:  1751 | Avg reward (last 10):   192.09
Steps:  1640448 | Episodes:  1754 | Avg reward (last 10):   206.18
Steps:  1642496 | Episodes:  1756 | Avg reward (last 10):   189.77
Steps:  1644544 | Episodes:  1758 | Avg reward (last 10):   190.37
Steps:  1646592 | Episodes:  1761 | Avg reward (last 10):   172.51
Steps:  1648640 | Episodes:  1763 | Avg reward (last 10):   171.91
Steps:  1650688 | Episodes:  1765 | Avg reward (last 10):   203.09
Steps:  1652736 | Episodes:  1768 | Avg reward (last 10):   170.34
Steps:  1654784 | Episodes:  1769 | Avg reward (last 10):   211.77
Steps:  1656832 | Episodes:  1771 | Avg reward (last 10):   260.81
Steps:  1658880 | Episodes:  1778 | Avg reward (last 10):    80.61
Steps:  1660928 | Episodes:  1782 | Avg reward (last 10):   -35.15
Steps:  1662976 | Episodes:  1784 | Avg reward (last 10):    -1.18
Steps:  1665024 | Episodes:  1786 | Avg reward (last 10):    65.37
Steps:  1667072 | Episodes:  1788 | Avg reward (last 10):   135.90
Steps:  1669120 | Episodes:  1790 | Avg reward (last 10):   186.94
Steps:  1671168 | Episodes:  1791 | Avg reward (last 10):   167.79
Steps:  1673216 | Episodes:  1794 | Avg reward (last 10):   217.88
Steps:  1675264 | Episodes:  1796 | Avg reward (last 10):   218.80
Steps:  1677312 | Episodes:  1799 | Avg reward (last 10):   164.59
Steps:  1679360 | Episodes:  1801 | Avg reward (last 10):   209.56
Steps:  1681408 | Episodes:  1804 | Avg reward (last 10):   181.44
Steps:  1683456 | Episodes:  1805 | Avg reward (last 10):   181.70
Steps:  1685504 | Episodes:  1807 | Avg reward (last 10):   136.37
Steps:  1687552 | Episodes:  1809 | Avg reward (last 10):   192.30
Steps:  1689600 | Episodes:  1811 | Avg reward (last 10):   192.41
Steps:  1691648 | Episodes:  1813 | Avg reward (last 10):   202.83
Steps:  1693696 | Episodes:  1815 | Avg reward (last 10):   224.87
Steps:  1695744 | Episodes:  1817 | Avg reward (last 10):   246.36
Steps:  1697792 | Episodes:  1820 | Avg reward (last 10):   210.14
Steps:  1699840 | Episodes:  1822 | Avg reward (last 10):   218.12
Steps:  1701888 | Episodes:  1823 | Avg reward (last 10):   218.49
Steps:  1703936 | Episodes:  1825 | Avg reward (last 10):   236.27
Steps:  1705984 | Episodes:  1827 | Avg reward (last 10):   260.35
Steps:  1708032 | Episodes:  1829 | Avg reward (last 10):   296.56
Steps:  1710080 | Episodes:  1833 | Avg reward (last 10):   234.07
Steps:  1712128 | Episodes:  1834 | Avg reward (last 10):   234.38
Steps:  1714176 | Episodes:  1836 | Avg reward (last 10):   235.21
Steps:  1716224 | Episodes:  1839 | Avg reward (last 10):   201.81
Steps:  1718272 | Episodes:  1841 | Avg reward (last 10):   235.21
Steps:  1720320 | Episodes:  1843 | Avg reward (last 10):   265.47
Steps:  1722368 | Episodes:  1846 | Avg reward (last 10):   241.68
Steps:  1724416 | Episodes:  1847 | Avg reward (last 10):   241.15
Steps:  1726464 | Episodes:  1849 | Avg reward (last 10):   275.10
Steps:  1728512 | Episodes:  1852 | Avg reward (last 10):   251.99
Steps:  1730560 | Episodes:  1854 | Avg reward (last 10):   203.48
Steps:  1732608 | Episodes:  1856 | Avg reward (last 10):   227.23
Steps:  1734656 | Episodes:  1858 | Avg reward (last 10):   227.58
Steps:  1736704 | Episodes:  1860 | Avg reward (last 10):   228.01
Steps:  1738752 | Episodes:  1862 | Avg reward (last 10):   251.26
Steps:  1740800 | Episodes:  1864 | Avg reward (last 10):   299.50
Steps:  1742848 | Episodes:  1867 | Avg reward (last 10):   258.53
Steps:  1744896 | Episodes:  1869 | Avg reward (last 10):   247.13
Steps:  1746944 | Episodes:  1871 | Avg reward (last 10):   229.10
Steps:  1748992 | Episodes:  1874 | Avg reward (last 10):   172.62
Steps:  1751040 | Episodes:  1877 | Avg reward (last 10):   152.31
Steps:  1753088 | Episodes:  1879 | Avg reward (last 10):   163.62
Steps:  1755136 | Episodes:  1882 | Avg reward (last 10):   139.54
Steps:  1757184 | Episodes:  1884 | Avg reward (last 10):   175.72
Steps:  1759232 | Episodes:  1885 | Avg reward (last 10):   195.11
Steps:  1761280 | Episodes:  1888 | Avg reward (last 10):   197.34
Steps:  1763328 | Episodes:  1891 | Avg reward (last 10):   211.90/Users/marcozzxx810/Documents/program_proj/pku_rl_course/hw2/.venv/lib/python3.13/site-packages/gymnasium/wrappers/rendering.py:293: UserWarning: [33mWARN: Overwriting existing videos at /Users/marcozzxx810/Documents/program_proj/pku_rl_course/hw2/submission/video folder (try specifying a different `video_folder` for the `RecordVideo` wrapper if this is not desired)[0m
  logger.warn(

Steps:  1765376 | Episodes:  1892 | Avg reward (last 10):   232.04
Steps:  1767424 | Episodes:  1894 | Avg reward (last 10):   231.75
Steps:  1769472 | Episodes:  1897 | Avg reward (last 10):   230.18
Steps:  1771520 | Episodes:  1901 | Avg reward (last 10):   130.11
Steps:  1773568 | Episodes:  1903 | Avg reward (last 10):   130.31
Steps:  1775616 | Episodes:  1906 | Avg reward (last 10):   137.34
Steps:  1777664 | Episodes:  1907 | Avg reward (last 10):   137.48
Steps:  1779712 | Episodes:  1909 | Avg reward (last 10):   192.63
Steps:  1781760 | Episodes:  1911 | Avg reward (last 10):   262.48
Steps:  1783808 | Episodes:  1914 | Avg reward (last 10):   221.55
Steps:  1785856 | Episodes:  1917 | Avg reward (last 10):   172.91
Steps:  1787904 | Episodes:  1919 | Avg reward (last 10):   172.66
Steps:  1789952 | Episodes:  1921 | Avg reward (last 10):   172.89
Steps:  1792000 | Episodes:  1923 | Avg reward (last 10):   213.79
Steps:  1794048 | Episodes:  1925 | Avg reward (last 10):   240.16
Steps:  1796096 | Episodes:  1926 | Avg reward (last 10):   240.01
Steps:  1798144 | Episodes:  1928 | Avg reward (last 10):   280.13
Steps:  1800192 | Episodes:  1930 | Avg reward (last 10):   194.01
Steps:  1802240 | Episodes:  1936 | Avg reward (last 10):    54.94
Steps:  1804288 | Episodes:  1937 | Avg reward (last 10):    54.75
Steps:  1806336 | Episodes:  1939 | Avg reward (last 10):   100.12
Steps:  1808384 | Episodes:  1943 | Avg reward (last 10):    80.23
Steps:  1810432 | Episodes:  1946 | Avg reward (last 10):    89.58
Steps:  1812480 | Episodes:  1947 | Avg reward (last 10):    89.99
Steps:  1814528 | Episodes:  1949 | Avg reward (last 10):    90.51
Steps:  1816576 | Episodes:  1951 | Avg reward (last 10):   143.99
Steps:  1818624 | Episodes:  1952 | Avg reward (last 10):   150.92
Steps:  1820672 | Episodes:  1956 | Avg reward (last 10):   136.71
Steps:  1822720 | Episodes:  1958 | Avg reward (last 10):    95.71
Steps:  1824768 | Episodes:  1960 | Avg reward (last 10):    95.04
Steps:  1826816 | Episodes:  1961 | Avg reward (last 10):    49.41
Steps:  1828864 | Episodes:  1963 | Avg reward (last 10):    82.27
Steps:  1830912 | Episodes:  1966 | Avg reward (last 10):   166.88
Steps:  1832960 | Episodes:  1967 | Avg reward (last 10):   206.54
Steps:  1835008 | Episodes:  1970 | Avg reward (last 10):   122.22
Steps:  1837056 | Episodes:  1971 | Avg reward (last 10):   167.69
Steps:  1839104 | Episodes:  1973 | Avg reward (last 10):   168.08
Steps:  1841152 | Episodes:  1975 | Avg reward (last 10):   209.39
Steps:  1843200 | Episodes:  1976 | Avg reward (last 10):   209.85
Steps:  1845248 | Episodes:  1980 | Avg reward (last 10):   176.60
Steps:  1847296 | Episodes:  1981 | Avg reward (last 10):   175.94
Steps:  1849344 | Episodes:  1983 | Avg reward (last 10):   176.22
Steps:  1851392 | Episodes:  1985 | Avg reward (last 10):   175.77
Steps:  1853440 | Episodes:  1987 | Avg reward (last 10):   221.53
Steps:  1855488 | Episodes:  1988 | Avg reward (last 10):   255.24
Steps:  1857536 | Episodes:  1990 | Avg reward (last 10):   295.69
Steps:  1859584 | Episodes:  1992 | Avg reward (last 10):   296.70
Steps:  1861632 | Episodes:  1995 | Avg reward (last 10):   235.70
Steps:  1863680 | Episodes:  1998 | Avg reward (last 10):   160.61
Steps:  1865728 | Episodes:  2000 | Avg reward (last 10):   160.61
Steps:  1867776 | Episodes:  2003 | Avg reward (last 10):   128.93
Steps:  1869824 | Episodes:  2005 | Avg reward (last 10):   139.72
Steps:  1871872 | Episodes:  2007 | Avg reward (last 10):   163.81
Steps:  1873920 | Episodes:  2009 | Avg reward (last 10):   197.17
Steps:  1875968 | Episodes:  2010 | Avg reward (last 10):   151.89
Steps:  1878016 | Episodes:  2012 | Avg reward (last 10):   181.57
Steps:  1880064 | Episodes:  2014 | Avg reward (last 10):   204.24
Steps:  1882112 | Episodes:  2016 | Avg reward (last 10):   204.81
Steps:  1884160 | Episodes:  2019 | Avg reward (last 10):   182.21
Steps:  1886208 | Episodes:  2020 | Avg reward (last 10):   227.55
Steps:  1888256 | Episodes:  2022 | Avg reward (last 10):   226.96
Steps:  1890304 | Episodes:  2024 | Avg reward (last 10):   256.05
Steps:  1892352 | Episodes:  2026 | Avg reward (last 10):   237.94
Steps:  1894400 | Episodes:  2028 | Avg reward (last 10):   238.37
Steps:  1896448 | Episodes:  2030 | Avg reward (last 10):   279.70
Steps:  1898496 | Episodes:  2032 | Avg reward (last 10):   259.00
Steps:  1900544 | Episodes:  2034 | Avg reward (last 10):   228.55
Steps:  1902592 | Episodes:  2036 | Avg reward (last 10):   247.03
Steps:  1904640 | Episodes:  2038 | Avg reward (last 10):   247.04
Steps:  1906688 | Episodes:  2040 | Avg reward (last 10):   246.85
Steps:  1908736 | Episodes:  2042 | Avg reward (last 10):   251.74
Steps:  1910784 | Episodes:  2045 | Avg reward (last 10):   246.77
Steps:  1912832 | Episodes:  2046 | Avg reward (last 10):   246.83
Steps:  1914880 | Episodes:  2049 | Avg reward (last 10):   205.82
Steps:  1916928 | Episodes:  2051 | Avg reward (last 10):   211.77
Steps:  1918976 | Episodes:  2053 | Avg reward (last 10):   211.03
Steps:  1921024 | Episodes:  2055 | Avg reward (last 10):   247.10
Steps:  1923072 | Episodes:  2058 | Avg reward (last 10):   215.61
Steps:  1925120 | Episodes:  2060 | Avg reward (last 10):   227.63
Steps:  1927168 | Episodes:  2062 | Avg reward (last 10):   207.44
Steps:  1929216 | Episodes:  2064 | Avg reward (last 10):   207.62
Steps:  1931264 | Episodes:  2067 | Avg reward (last 10):   212.29
Steps:  1933312 | Episodes:  2069 | Avg reward (last 10):   211.73
Steps:  1935360 | Episodes:  2070 | Avg reward (last 10):   211.85
Steps:  1937408 | Episodes:  2073 | Avg reward (last 10):   201.83
Steps:  1939456 | Episodes:  2076 | Avg reward (last 10):   160.60
Steps:  1941504 | Episodes:  2077 | Avg reward (last 10):   188.34
Steps:  1943552 | Episodes:  2079 | Avg reward (last 10):   142.41
Steps:  1945600 | Episodes:  2081 | Avg reward (last 10):   159.81
Steps:  1947648 | Episodes:  2083 | Avg reward (last 10):   200.98
Steps:  1949696 | Episodes:  2085 | Avg reward (last 10):   214.01
Steps:  1951744 | Episodes:  2087 | Avg reward (last 10):   214.63
Steps:  1953792 | Episodes:  2089 | Avg reward (last 10):   259.99
Steps:  1955840 | Episodes:  2091 | Avg reward (last 10):   270.77
Steps:  1957888 | Episodes:  2093 | Avg reward (last 10):   271.16
Steps:  1959936 | Episodes:  2094 | Avg reward (last 10):   298.72
Steps:  1961984 | Episodes:  2096 | Avg reward (last 10):   298.53
Steps:  1964032 | Episodes:  2100 | Avg reward (last 10):   224.13
Steps:  1966080 | Episodes:  2102 | Avg reward (last 10):   224.22
Steps:  1968128 | Episodes:  2104 | Avg reward (last 10):   197.79
Steps:  1970176 | Episodes:  2106 | Avg reward (last 10):   174.44
Steps:  1972224 | Episodes:  2111 | Avg reward (last 10):   142.03
Steps:  1974272 | Episodes:  2113 | Avg reward (last 10):   134.61
Steps:  1976320 | Episodes:  2116 | Avg reward (last 10):   117.76
Steps:  1978368 | Episodes:  2118 | Avg reward (last 10):   100.94
Steps:  1980416 | Episodes:  2121 | Avg reward (last 10):   128.40
Steps:  1982464 | Episodes:  2124 | Avg reward (last 10):   109.84
Steps:  1984512 | Episodes:  2127 | Avg reward (last 10):   109.40
Steps:  1986560 | Episodes:  2132 | Avg reward (last 10):    84.06
Steps:  1988608 | Episodes:  2133 | Avg reward (last 10):   113.73
Steps:  1990656 | Episodes:  2139 | Avg reward (last 10):    27.95
Steps:  1992704 | Episodes:  2142 | Avg reward (last 10):    57.73
Steps:  1994752 | Episodes:  2145 | Avg reward (last 10):    48.48
Steps:  1996800 | Episodes:  2148 | Avg reward (last 10):    91.18
Steps:  1998848 | Episodes:  2151 | Avg reward (last 10):   143.66
Steps:  2000896 | Episodes:  2153 | Avg reward (last 10):   143.01
Training complete.
Weights saved to /Users/marcozzxx810/Documents/program_proj/pku_rl_course/hw2/submission/agent.pth
Learning curve saved to /Users/marcozzxx810/Documents/program_proj/pku_rl_course/hw2/submission/reward_curve.png
Eval episode 1: reward=297.64, frames=1096
Eval episode 2: reward=284.88, frames=1305
Eval episode 3: reward=-44.31, frames=277
Eval episode 4: reward=-117.77, frames=64
Eval episode 5: reward=297.61, frames=1094
Video(s) saved to /Users/marcozzxx810/Documents/program_proj/pku_rl_course/hw2/submission/video  (total frames: 3836)
